#
# There is insufficient memory for the Java Runtime Environment to continue.
# Native memory allocation (malloc) failed to allocate 158976 bytes for Chunk::new
# Possible reasons:
#   The system is out of physical RAM or swap space
#   In 32 bit mode, the process size limit was hit
# Possible solutions:
#   Reduce memory load on the system
#   Increase physical memory or swap space
#   Check if swap backing store is full
#   Use 64 bit Java on a 64 bit OS
#   Decrease Java heap size (-Xmx/-Xms)
#   Decrease number of Java threads
#   Decrease Java thread stack sizes (-Xss)
#   Set larger code cache with -XX:ReservedCodeCacheSize=
# This output file may be truncated or incomplete.
#
#  Out of Memory Error (allocation.cpp:390), pid=5880, tid=0x0000000000003424
#
# JRE version: Java(TM) SE Runtime Environment (8.0_131-b11) (build 1.8.0_131-b11)
# Java VM: Java HotSpot(TM) 64-Bit Server VM (25.131-b11 mixed mode windows-amd64 compressed oops)
# Failed to write core dump. Minidumps are not enabled by default on client versions of Windows
#

---------------  T H R E A D  ---------------

Current thread (0x0000000017760800):  JavaThread "C2 CompilerThread0" daemon [_thread_in_native, id=13348, stack(0x0000000018ea0000,0x0000000018fa0000)]

Stack: [0x0000000018ea0000,0x0000000018fa0000]
[error occurred during error reporting (printing stack bounds), id 0xc0000005]

Native frames: (J=compiled Java code, j=interpreted, Vv=VM code, C=native code)


Current CompileTask:
C2:  15184 2758   !   4       com.android.dx.cf.code.Ropper::convert (52 bytes)


---------------  P R O C E S S  ---------------

Java Threads: ( => current thread )
  0x00000000193fd800 JavaThread "pool-2-thread-1" [_thread_blocked, id=15636, stack(0x00000000198a0000,0x00000000199a0000)]
  0x0000000019435000 JavaThread "pool-1-thread-1" [_thread_blocked, id=14952, stack(0x00000000197a0000,0x00000000198a0000)]
  0x00000000191c8800 JavaThread "Service Thread" daemon [_thread_blocked, id=10532, stack(0x00000000195a0000,0x00000000196a0000)]
  0x000000001776a800 JavaThread "C1 CompilerThread2" daemon [_thread_blocked, id=1248, stack(0x00000000190a0000,0x00000000191a0000)]
  0x0000000017764000 JavaThread "C2 CompilerThread1" daemon [_thread_in_native, id=15956, stack(0x0000000018fa0000,0x00000000190a0000)]
=>0x0000000017760800 JavaThread "C2 CompilerThread0" daemon [_thread_in_native, id=13348, stack(0x0000000018ea0000,0x0000000018fa0000)]
  0x000000001775f000 JavaThread "Attach Listener" daemon [_thread_blocked, id=15056, stack(0x0000000018da0000,0x0000000018ea0000)]
  0x000000001775e000 JavaThread "Signal Dispatcher" daemon [_thread_blocked, id=6028, stack(0x0000000018ca0000,0x0000000018da0000)]
  0x0000000017749800 JavaThread "Finalizer" daemon [_thread_blocked, id=9848, stack(0x00000000189b0000,0x0000000018ab0000)]
  0x0000000002c14000 JavaThread "Reference Handler" daemon [_thread_blocked, id=11676, stack(0x00000000188b0000,0x00000000189b0000)]
  0x0000000002b22800 JavaThread "main" [_thread_in_native, id=7728, stack(0x0000000002a20000,0x0000000002b20000)]

Other Threads:
  0x0000000017727800 VMThread [stack: 0x00000000187b0000,0x00000000188b0000] [id=17280]
  0x00000000191d2800 WatcherThread [stack: 0x00000000196a0000,0x00000000197a0000] [id=15260]

VM state:not at safepoint (normal execution)

VM Mutex/Monitor currently owned by a thread: None

Heap:
 PSYoungGen      total 444928K, used 140509K [0x00000000d5e00000, 0x00000000f7800000, 0x0000000100000000)
  eden space 382976K, 36% used [0x00000000d5e00000,0x00000000de737718,0x00000000ed400000)
  from space 61952K, 0% used [0x00000000ed780000,0x00000000ed780000,0x00000000f1400000)
  to   space 83968K, 0% used [0x00000000f2600000,0x00000000f2600000,0x00000000f7800000)
 ParOldGen       total 165376K, used 165356K [0x0000000081a00000, 0x000000008bb80000, 0x00000000d5e00000)
  object space 165376K, 99% used [0x0000000081a00000,0x000000008bb7b350,0x000000008bb80000)
 Metaspace       used 6753K, capacity 7320K, committed 7680K, reserved 1056768K
  class space    used 645K, capacity 656K, committed 768K, reserved 1048576K

Card table byte_map: [0x0000000011fe0000,0x00000000123e0000] byte_map_base: 0x0000000011bd3000

Marking Bits: (ParMarkBitMap*) 0x000000005ac4c720
 Begin Bits: [0x0000000012a90000, 0x0000000014a28000)
 End Bits:   [0x0000000014a28000, 0x00000000169c0000)

Polling page: 0x0000000002870000

CodeCache: size=245760Kb used=13400Kb max_used=13660Kb free=232359Kb
 bounds [0x0000000002c20000, 0x00000000039a0000, 0x0000000011c20000]
 total_blobs=2775 nmethods=2504 adapters=183
 compilation: enabled

Compilation events (10 events):
Event: 15.016 Thread 0x000000001776a800 2768       2       java.io.FileInputStream::finalize (22 bytes)
Event: 15.016 Thread 0x000000001776a800 nmethod 2768 0x0000000002d2e590 code [0x0000000002d2e700, 0x0000000002d2e888]
Event: 15.066 Thread 0x000000001776a800 2769 %     3       java.util.HashMap$TreeNode::find @ 3 (172 bytes)
Event: 15.067 Thread 0x000000001776a800 nmethod 2769% 0x0000000002e6a390 code [0x0000000002e6a580, 0x0000000002e6b138]
Event: 15.067 Thread 0x000000001776a800 2770       3       java.util.HashMap$TreeNode::find (172 bytes)
Event: 15.068 Thread 0x000000001776a800 nmethod 2770 0x0000000002d9dad0 code [0x0000000002d9dcc0, 0x0000000002d9e7d8]
Event: 15.090 Thread 0x0000000017760800 nmethod 2730 0x00000000039906d0 code [0x0000000003990b40, 0x0000000003993e80]
Event: 15.090 Thread 0x0000000017760800 2761       4       com.android.dx.rop.type.StdTypeList::getWordCount (33 bytes)
Event: 15.094 Thread 0x0000000017760800 nmethod 2761 0x0000000002e1e850 code [0x0000000002e1e9a0, 0x0000000002e1ebd8]
Event: 15.094 Thread 0x0000000017760800 2758   !   4       com.android.dx.cf.code.Ropper::convert (52 bytes)

GC Heap History (10 events):
Event: 6.204 GC heap before
{Heap before GC invocations=10 (full 1):
 PSYoungGen      total 290304K, used 37355K [0x00000000d5e00000, 0x00000000f5580000, 0x0000000100000000)
  eden space 252928K, 0% used [0x00000000d5e00000,0x00000000d5e00000,0x00000000e5500000)
  from space 37376K, 99% used [0x00000000e5500000,0x00000000e797ad18,0x00000000e7980000)
  to   space 55296K, 0% used [0x00000000f1f80000,0x00000000f1f80000,0x00000000f5580000)
 ParOldGen       total 87552K, used 80204K [0x0000000081a00000, 0x0000000086f80000, 0x00000000d5e00000)
  object space 87552K, 91% used [0x0000000081a00000,0x00000000868533b0,0x0000000086f80000)
 Metaspace       used 6697K, capacity 7256K, committed 7424K, reserved 1056768K
  class space    used 643K, capacity 656K, committed 768K, reserved 1048576K
Event: 6.971 GC heap after
Heap after GC invocations=10 (full 1):
 PSYoungGen      total 290304K, used 25477K [0x00000000d5e00000, 0x00000000f5580000, 0x0000000100000000)
  eden space 252928K, 0% used [0x00000000d5e00000,0x00000000d5e00000,0x00000000e5500000)
  from space 37376K, 68% used [0x00000000e5500000,0x00000000e6de17d8,0x00000000e7980000)
  to   space 55296K, 0% used [0x00000000f1f80000,0x00000000f1f80000,0x00000000f5580000)
 ParOldGen       total 165376K, used 87337K [0x0000000081a00000, 0x000000008bb80000, 0x00000000d5e00000)
  object space 165376K, 52% used [0x0000000081a00000,0x0000000086f4a5b8,0x000000008bb80000)
 Metaspace       used 6697K, capacity 7256K, committed 7424K, reserved 1056768K
  class space    used 643K, capacity 656K, committed 768K, reserved 1048576K
}
Event: 7.748 GC heap before
{Heap before GC invocations=11 (full 1):
 PSYoungGen      total 290304K, used 278405K [0x00000000d5e00000, 0x00000000f5580000, 0x0000000100000000)
  eden space 252928K, 100% used [0x00000000d5e00000,0x00000000e5500000,0x00000000e5500000)
  from space 37376K, 68% used [0x00000000e5500000,0x00000000e6de17d8,0x00000000e7980000)
  to   space 55296K, 0% used [0x00000000f1f80000,0x00000000f1f80000,0x00000000f5580000)
 ParOldGen       total 165376K, used 87337K [0x0000000081a00000, 0x000000008bb80000, 0x00000000d5e00000)
  object space 165376K, 52% used [0x0000000081a00000,0x0000000086f4a5b8,0x000000008bb80000)
 Metaspace       used 6702K, capacity 7320K, committed 7680K, reserved 1056768K
  class space    used 643K, capacity 656K, committed 768K, reserved 1048576K
Event: 7.860 GC heap after
Heap after GC invocations=11 (full 1):
 PSYoungGen      total 362496K, used 49703K [0x00000000d5e00000, 0x00000000f5080000, 0x0000000100000000)
  eden space 312320K, 0% used [0x00000000d5e00000,0x00000000d5e00000,0x00000000e8f00000)
  from space 50176K, 99% used [0x00000000f1f80000,0x00000000f5009c08,0x00000000f5080000)
  to   space 61952K, 0% used [0x00000000ed780000,0x00000000ed780000,0x00000000f1400000)
 ParOldGen       total 165376K, used 102484K [0x0000000081a00000, 0x000000008bb80000, 0x00000000d5e00000)
  object space 165376K, 61% used [0x0000000081a00000,0x0000000087e15310,0x000000008bb80000)
 Metaspace       used 6702K, capacity 7320K, committed 7680K, reserved 1056768K
  class space    used 643K, capacity 656K, committed 768K, reserved 1048576K
}
Event: 9.594 GC heap before
{Heap before GC invocations=12 (full 1):
 PSYoungGen      total 362496K, used 362023K [0x00000000d5e00000, 0x00000000f5080000, 0x0000000100000000)
  eden space 312320K, 100% used [0x00000000d5e00000,0x00000000e8f00000,0x00000000e8f00000)
  from space 50176K, 99% used [0x00000000f1f80000,0x00000000f5009c08,0x00000000f5080000)
  to   space 61952K, 0% used [0x00000000ed780000,0x00000000ed780000,0x00000000f1400000)
 ParOldGen       total 165376K, used 102484K [0x0000000081a00000, 0x000000008bb80000, 0x00000000d5e00000)
  object space 165376K, 61% used [0x0000000081a00000,0x0000000087e15310,0x000000008bb80000)
 Metaspace       used 6709K, capacity 7320K, committed 7680K, reserved 1056768K
  class space    used 644K, capacity 656K, committed 768K, reserved 1048576K
Event: 9.695 GC heap after
Heap after GC invocations=12 (full 1):
 PSYoungGen      total 444928K, used 61922K [0x00000000d5e00000, 0x00000000f7800000, 0x0000000100000000)
  eden space 382976K, 0% used [0x00000000d5e00000,0x00000000d5e00000,0x00000000ed400000)
  from space 61952K, 99% used [0x00000000ed780000,0x00000000f13f8900,0x00000000f1400000)
  to   space 83968K, 0% used [0x00000000f2600000,0x00000000f2600000,0x00000000f7800000)
 ParOldGen       total 165376K, used 135364K [0x0000000081a00000, 0x000000008bb80000, 0x00000000d5e00000)
  object space 165376K, 81% used [0x0000000081a00000,0x0000000089e31100,0x000000008bb80000)
 Metaspace       used 6709K, capacity 7320K, committed 7680K, reserved 1056768K
  class space    used 644K, capacity 656K, committed 768K, reserved 1048576K
}
Event: 9.695 GC heap before
{Heap before GC invocations=13 (full 2):
 PSYoungGen      total 444928K, used 61922K [0x00000000d5e00000, 0x00000000f7800000, 0x0000000100000000)
  eden space 382976K, 0% used [0x00000000d5e00000,0x00000000d5e00000,0x00000000ed400000)
  from space 61952K, 99% used [0x00000000ed780000,0x00000000f13f8900,0x00000000f1400000)
  to   space 83968K, 0% used [0x00000000f2600000,0x00000000f2600000,0x00000000f7800000)
 ParOldGen       total 165376K, used 135364K [0x0000000081a00000, 0x000000008bb80000, 0x00000000d5e00000)
  object space 165376K, 81% used [0x0000000081a00000,0x0000000089e31100,0x000000008bb80000)
 Metaspace       used 6709K, capacity 7320K, committed 7680K, reserved 1056768K
  class space    used 644K, capacity 656K, committed 768K, reserved 1048576K
Event: 10.699 GC heap after
Heap after GC invocations=13 (full 2):
 PSYoungGen      total 444928K, used 27013K [0x00000000d5e00000, 0x00000000f7800000, 0x0000000100000000)
  eden space 382976K, 0% used [0x00000000d5e00000,0x00000000d5e00000,0x00000000ed400000)
  from space 61952K, 43% used [0x00000000ed780000,0x00000000ef1e1718,0x00000000f1400000)
  to   space 83968K, 0% used [0x00000000f2600000,0x00000000f2600000,0x00000000f7800000)
 ParOldGen       total 165376K, used 165284K [0x0000000081a00000, 0x000000008bb80000, 0x00000000d5e00000)
  object space 165376K, 99% used [0x0000000081a00000,0x000000008bb692a8,0x000000008bb80000)
 Metaspace       used 6709K, capacity 7320K, committed 7680K, reserved 1056768K
  class space    used 644K, capacity 656K, committed 768K, reserved 1048576K
}
Event: 13.758 GC heap before
{Heap before GC invocations=14 (full 3):
 PSYoungGen      total 444928K, used 409989K [0x00000000d5e00000, 0x00000000f7800000, 0x0000000100000000)
  eden space 382976K, 100% used [0x00000000d5e00000,0x00000000ed400000,0x00000000ed400000)
  from space 61952K, 43% used [0x00000000ed780000,0x00000000ef1e1718,0x00000000f1400000)
  to   space 83968K, 0% used [0x00000000f2600000,0x00000000f2600000,0x00000000f7800000)
 ParOldGen       total 165376K, used 165284K [0x0000000081a00000, 0x000000008bb80000, 0x00000000d5e00000)
  object space 165376K, 99% used [0x0000000081a00000,0x000000008bb692a8,0x000000008bb80000)
 Metaspace       used 6752K, capacity 7320K, committed 7680K, reserved 1056768K
  class space    used 645K, capacity 656K, committed 768K, reserved 1048576K
Event: 15.012 GC heap after
Heap after GC invocations=14 (full 3):
 PSYoungGen      total 444928K, used 90754K [0x00000000d5e00000, 0x00000000f7800000, 0x0000000100000000)
  eden space 382976K, 23% used [0x00000000d5e00000,0x00000000db6a09f8,0x00000000ed400000)
  from space 61952K, 0% used [0x00000000ed780000,0x00000000ed780000,0x00000000f1400000)
  to   space 83968K, 0% used [0x00000000f2600000,0x00000000f2600000,0x00000000f7800000)
 ParOldGen       total 165376K, used 165356K [0x0000000081a00000, 0x000000008bb80000, 0x00000000d5e00000)
  object space 165376K, 99% used [0x0000000081a00000,0x000000008bb7b350,0x000000008bb80000)
 Metaspace       used 6752K, capacity 7320K, committed 7680K, reserved 1056768K
  class space    used 645K, capacity 656K, committed 768K, reserved 1048576K
}

Deoptimization events (10 events):
Event: 11.524 Thread 0x0000000019435000 Uncommon trap: reason=bimorphic action=maybe_recompile pc=0x0000000003871d04 method=com.android.dx.cf.code.BytecodeArray.parseInstruction(ILcom/android/dx/cf/code/BytecodeArray$Visitor;)I @ 2135
Event: 12.242 Thread 0x0000000002b22800 Uncommon trap: reason=unstable_if action=reinterpret pc=0x000000000352e5e4 method=com.android.dx.ssa.SsaBasicBlock.scheduleMovesFromPhis()V @ 63
Event: 12.246 Thread 0x0000000002b22800 Uncommon trap: reason=unstable_if action=reinterpret pc=0x0000000003264434 method=com.android.dx.ssa.SsaBasicBlock.scheduleMovesFromPhis()V @ 63
Event: 12.324 Thread 0x0000000002b22800 Uncommon trap: reason=bimorphic action=maybe_recompile pc=0x00000000038a14bc method=com.android.dx.cf.code.BytecodeArray.parseInstruction(ILcom/android/dx/cf/code/BytecodeArray$Visitor;)I @ 2281
Event: 12.324 Thread 0x0000000002b22800 Uncommon trap: reason=bimorphic action=maybe_recompile pc=0x00000000038a14bc method=com.android.dx.cf.code.BytecodeArray.parseInstruction(ILcom/android/dx/cf/code/BytecodeArray$Visitor;)I @ 2281
Event: 12.480 Thread 0x0000000002b22800 Uncommon trap: reason=unstable_if action=reinterpret pc=0x0000000003515900 method=java.util.HashMap.putVal(ILjava/lang/Object;Ljava/lang/Object;ZZ)Ljava/lang/Object; @ 94
Event: 12.658 Thread 0x0000000002b22800 Uncommon trap: reason=unstable_if action=reinterpret pc=0x00000000033d0674 method=com.android.dx.rop.code.RegisterSpec.equals(ILcom/android/dx/rop/type/TypeBearer;Lcom/android/dx/rop/code/LocalItem;)Z @ 42
Event: 12.744 Thread 0x0000000019435000 Uncommon trap: reason=bimorphic action=maybe_recompile pc=0x0000000003918a00 method=com.android.dx.cf.code.BytecodeArray.parseInstruction(ILcom/android/dx/cf/code/BytecodeArray$Visitor;)I @ 987
Event: 12.744 Thread 0x0000000019435000 Uncommon trap: reason=bimorphic action=maybe_recompile pc=0x0000000003918d18 method=com.android.dx.cf.code.BytecodeArray.parseInstruction(ILcom/android/dx/cf/code/BytecodeArray$Visitor;)I @ 1130
Event: 12.744 Thread 0x0000000019435000 Uncommon trap: reason=bimorphic action=maybe_recompile pc=0x0000000003918d18 method=com.android.dx.cf.code.BytecodeArray.parseInstruction(ILcom/android/dx/cf/code/BytecodeArray$Visitor;)I @ 1130

Internal exceptions (7 events):
Event: 0.034 Thread 0x0000000002b22800 Exception <a 'java/lang/NoSuchMethodError': Method sun.misc.Unsafe.defineClass(Ljava/lang/String;[BII)Ljava/lang/Class; name or signature does not match> (0x00000000d5e07ca8) thrown at [C:\re\workspace\8-2-build-windows-amd64-cygwin\jdk8u131\8869\hotspot\
Event: 0.034 Thread 0x0000000002b22800 Exception <a 'java/lang/NoSuchMethodError': Method sun.misc.Unsafe.prefetchRead(Ljava/lang/Object;J)V name or signature does not match> (0x00000000d5e07f90) thrown at [C:\re\workspace\8-2-build-windows-amd64-cygwin\jdk8u131\8869\hotspot\src\share\vm\prims
Event: 1.742 Thread 0x0000000002b22800 Implicit null exception at 0x0000000002f0cf62 to 0x0000000002f0d05a
Event: 4.153 Thread 0x0000000002b22800 Exception <a 'java/lang/ArrayIndexOutOfBoundsException': 18> (0x00000000d628ff40) thrown at [C:\re\workspace\8-2-build-windows-amd64-cygwin\jdk8u131\8869\hotspot\src\share\vm\interpreter\interpreterRuntime.cpp, line 366]
Event: 4.154 Thread 0x0000000002b22800 Exception <a 'java/lang/ArrayIndexOutOfBoundsException': 145> (0x00000000d6291ac0) thrown at [C:\re\workspace\8-2-build-windows-amd64-cygwin\jdk8u131\8869\hotspot\src\share\vm\interpreter\interpreterRuntime.cpp, line 366]
Event: 4.190 Thread 0x0000000002b22800 Exception <a 'java/lang/ArrayIndexOutOfBoundsException'> (0x00000000d6292da8) thrown at [C:\re\workspace\8-2-build-windows-amd64-cygwin\jdk8u131\8869\hotspot\src\share\vm\runtime\sharedRuntime.cpp, line 605]
Event: 5.346 Thread 0x0000000019435000 Implicit null exception at 0x00000000035d6040 to 0x00000000035deee5

Events (10 events):
Event: 15.015 Executing VM operation: RevokeBias
Event: 15.015 Executing VM operation: RevokeBias done
Event: 15.015 Executing VM operation: RevokeBias
Event: 15.016 Executing VM operation: RevokeBias done
Event: 15.016 Executing VM operation: RevokeBias
Event: 15.016 Executing VM operation: RevokeBias done
Event: 15.016 Executing VM operation: BulkRevokeBias
Event: 15.016 Executing VM operation: BulkRevokeBias done
Event: 15.068 Thread 0x0000000019435000 DEOPT PACKING pc=0x0000000003524a1a sp=0x000000001989e5b0
Event: 15.068 Thread 0x0000000019435000 DEOPT UNPACKING pc=0x0000000002c6787f sp=0x000000001989e2e0 mode 0


Dynamic libraries:
0x00007ff7502b0000 - 0x00007ff7502e7000 	C:\Program Files\Java\jdk1.8.0_131\bin\java.exe
0x00007ffd2d090000 - 0x00007ffd2d26b000 	C:\WINDOWS\SYSTEM32\ntdll.dll
0x00007ffd2aaf0000 - 0x00007ffd2ab9e000 	C:\WINDOWS\System32\KERNEL32.DLL
0x00007ffd29e40000 - 0x00007ffd2a089000 	C:\WINDOWS\System32\KERNELBASE.dll
0x00007ffd2cfe0000 - 0x00007ffd2d081000 	C:\WINDOWS\System32\ADVAPI32.dll
0x00007ffd2aba0000 - 0x00007ffd2ac3d000 	C:\WINDOWS\System32\msvcrt.dll
0x00007ffd2cf80000 - 0x00007ffd2cfd9000 	C:\WINDOWS\System32\sechost.dll
0x00007ffd2a9c0000 - 0x00007ffd2aae5000 	C:\WINDOWS\System32\RPCRT4.dll
0x00007ffd2adf0000 - 0x00007ffd2af3a000 	C:\WINDOWS\System32\USER32.dll
0x00007ffd295b0000 - 0x00007ffd295ce000 	C:\WINDOWS\System32\win32u.dll
0x00007ffd2af50000 - 0x00007ffd2af77000 	C:\WINDOWS\System32\GDI32.dll
0x00007ffd2a190000 - 0x00007ffd2a318000 	C:\WINDOWS\System32\gdi32full.dll
0x00007ffd29d40000 - 0x00007ffd29dda000 	C:\WINDOWS\System32\msvcp_win.dll
0x00007ffd2a090000 - 0x00007ffd2a186000 	C:\WINDOWS\System32\ucrtbase.dll
0x00007ffd214f0000 - 0x00007ffd21757000 	C:\WINDOWS\WinSxS\amd64_microsoft.windows.common-controls_6595b64144ccf1df_6.0.15063.483_none_26002d27e7c744a2\COMCTL32.dll
0x00007ffd2a5f0000 - 0x00007ffd2a8e9000 	C:\WINDOWS\System32\combase.dll
0x00007ffd295d0000 - 0x00007ffd2963a000 	C:\WINDOWS\System32\bcryptPrimitives.dll
0x00007ffd2cf50000 - 0x00007ffd2cf7d000 	C:\WINDOWS\System32\IMM32.DLL
0x000000005acd0000 - 0x000000005ada2000 	C:\Program Files\Java\jdk1.8.0_131\jre\bin\msvcr100.dll
0x000000005a430000 - 0x000000005accc000 	C:\Program Files\Java\jdk1.8.0_131\jre\bin\server\jvm.dll
0x00007ffd2b340000 - 0x00007ffd2b348000 	C:\WINDOWS\System32\PSAPI.DLL
0x00007ffd253a0000 - 0x00007ffd253a9000 	C:\WINDOWS\SYSTEM32\WSOCK32.dll
0x00007ffd258c0000 - 0x00007ffd258ca000 	C:\WINDOWS\SYSTEM32\VERSION.dll
0x00007ffd2b4f0000 - 0x00007ffd2b55c000 	C:\WINDOWS\System32\WS2_32.dll
0x00007ffd262f0000 - 0x00007ffd26313000 	C:\WINDOWS\SYSTEM32\WINMM.dll
0x00007ffd26080000 - 0x00007ffd260ab000 	C:\WINDOWS\SYSTEM32\WINMMBASE.dll
0x00007ffd2a320000 - 0x00007ffd2a369000 	C:\WINDOWS\System32\cfgmgr32.dll
0x000000005ba30000 - 0x000000005ba3f000 	C:\Program Files\Java\jdk1.8.0_131\jre\bin\verify.dll
0x000000005a400000 - 0x000000005a429000 	C:\Program Files\Java\jdk1.8.0_131\jre\bin\java.dll
0x000000005a3e0000 - 0x000000005a3f6000 	C:\Program Files\Java\jdk1.8.0_131\jre\bin\zip.dll
0x00007ffd2b560000 - 0x00007ffd2c996000 	C:\WINDOWS\System32\SHELL32.dll
0x00007ffd2af80000 - 0x00007ffd2b02a000 	C:\WINDOWS\System32\shcore.dll
0x00007ffd29640000 - 0x00007ffd29d33000 	C:\WINDOWS\System32\windows.storage.dll
0x00007ffd2b2e0000 - 0x00007ffd2b331000 	C:\WINDOWS\System32\shlwapi.dll
0x00007ffd29590000 - 0x00007ffd295a1000 	C:\WINDOWS\System32\kernel.appcore.dll
0x00007ffd29540000 - 0x00007ffd2958c000 	C:\WINDOWS\System32\powrprof.dll
0x00007ffd29500000 - 0x00007ffd29515000 	C:\WINDOWS\System32\profapi.dll

VM Arguments:
java_command: C:\Program Files (x86)\Android\android-sdk\build-tools\25.0.3\\lib\dx.jar --no-strict --dex --output=obj\Debug\android\bin obj\Debug\android\bin\classes C:\Program Files (x86)\Microsoft Visual Studio\2017\Community\Common7\IDE\ReferenceAssemblies\Microsoft\Framework\MonoAndroid\v7.1\mono.android.jar obj\Debug\__library_projects__\FormsViewGroup\library_project_imports\formsviewgroup.jar obj\Debug\__library_projects__\Xamarin.Android.Support.Animated.Vector.Drawable\library_project_imports\bin\classes.jar obj\Debug\__library_projects__\Xamarin.Android.Support.Compat\library_project_imports\bin\classes.jar obj\Debug\__library_projects__\Xamarin.Android.Support.Core.UI\library_project_imports\bin\classes.jar obj\Debug\__library_projects__\Xamarin.Android.Support.Core.Utils\library_project_imports\bin\classes.jar obj\Debug\__library_projects__\Xamarin.Android.Support.Design\library_project_imports\bin\classes.jar obj\Debug\__library_projects__\Xamarin.Android.Support.Fragment\library_project_imports\bin\classes.jar obj\Debug\__library_projects__\Xamarin.Android.Support.Media.Compat\library_project_imports\bin\classes.jar obj\Debug\__library_projects__\Xamarin.Android.Support.Transition\library_project_imports\bin\classes.jar obj\Debug\__library_projects__\Xamarin.Android.Support.v4\library_project_imports\bin\classes.jar obj\Debug\__library_projects__\Xamarin.Android.Support.v7.AppCompat\library_project_imports\bin\classes.jar obj\Debug\__library_projects__\Xamarin.Android.Support.v7.CardView\library_project_imports\bin\classes.jar obj\Debug\__library_projects__\Xamarin.Android.Support.v7.MediaRouter\library_project_imports\bin\classes.jar obj\Debug\__library_projects__\Xamarin.Android.Support.v7.Palette\library_project_imports\bin\classes.jar obj\Debug\__library_projects__\Xamarin.Android.Support.v7.RecyclerView\library_project_imports\bin\classes.jar obj\Debug\__library_projects__\Xamarin.Android.Support.Vector.Drawable\library_project_imports\bin\clas
java_class_path (initial): C:\Program Files (x86)\Android\android-sdk\build-tools\25.0.3\\lib\dx.jar
Launcher Type: SUN_STANDARD

Environment Variables:
JAVA_HOME=C:\Program Files\Java\jdk1.8.0_65
CLASSPATH=.;C:\Program Files\Java\jdk1.8.0_65\jre\lib;C:\Program Files\Java\jdk1.8.0_65\lib
PATH=C:\Program Files\Java\jdk1.8.0_65\bin;C:\Program Files (x86)\QuickTime\QTSystem\;c:\Program Files (x86)\Microsoft SQL Server\100\Tools\Binn\;c:\Program Files\Microsoft SQL Server\100\Tools\Binn\;c:\Program Files\Microsoft SQL Server\100\DTS\Binn\;c:\Program Files (x86)\Microsoft SQL Server\100\Tools\Binn\VSShell\Common7\IDE\;c:\Program Files (x86)\Microsoft SQL Server\100\DTS\Binn\;c:\Program Files\Microsoft SQL Server\Client SDK\ODBC\110\Tools\Binn\;c:\Program Files\Microsoft SQL Server\120\DTS\Binn\;c:\Program Files (x86)\Microsoft SQL Server\120\Tools\Binn\ManagementStudio\;c:\Program Files (x86)\Microsoft SQL Server\120\Tools\Binn\;c:\Program Files\Microsoft SQL Server\120\Tools\Binn\;c:\Program Files (x86)\Microsoft SQL Server\120\DTS\Binn\; C:\Windows\Microsoft.NET\Framework\v3.5; C:\Program Files (x86)\Microsoft Visual Studio 14.0\SDK\v3.5\Bin;C:\Program Files\Microsoft SQL Server\130\Tools\Binn\;C:\Program Files\dotnet\;C:\Program Files (x86)\NVIDIA Corporation\PhysX\Common;C:\WINDOWS\system32;C:\WINDOWS;C:\WINDOWS\System32\Wbem;C:\WINDOWS\System32\WindowsPowerShell\v1.0\;C:\Program Files\Intel\WiFi\bin\;C:\Program Files\Common Files\Intel\WirelessCommon\;C:\windows\system32;C:\windows\;;%USERPROFILE%\AppData\Local\Microsoft\WindowsApps
USERNAME=Bui Quan
OS=Windows_NT
PROCESSOR_IDENTIFIER=Intel64 Family 6 Model 60 Stepping 3, GenuineIntel



---------------  S Y S T E M  ---------------

OS: Windows 10.0 , 64 bit Build 15063 (10.0.15063.296)

CPU:total 4 (initial active 4) (2 cores per cpu, 2 threads per core) family 6 model 60 stepping 3, cmov, cx8, fxsr, mmx, sse, sse2, sse3, ssse3, sse4.1, sse4.2, popcnt, avx, avx2, aes, clmul, erms, lzcnt, ht, tsc, tscinvbit, bmi1, bmi2

Memory: 4k page, physical 8275008k(268576k free), swap 10226752k(4196k free)

vm_info: Java HotSpot(TM) 64-Bit Server VM (25.131-b11) for windows-amd64 JRE (1.8.0_131-b11), built on Mar 15 2017 01:23:53 by "java_re" with MS VC++ 10.0 (VS2010)

time: Sun Oct 08 16:06:51 2017
elapsed time: 15 seconds (0d 0h 0m 15s)

